c:\personal\onenote notebooks\2013 projects\consoleapplication1\squareroot\debug\squareroot.pch
c:\personal\onenote notebooks\2013 projects\consoleapplication1\squareroot\debug\vc120.pdb
c:\personal\onenote notebooks\2013 projects\consoleapplication1\squareroot\debug\vc120.idb
c:\personal\onenote notebooks\2013 projects\consoleapplication1\squareroot\debug\stdafx.obj
c:\personal\onenote notebooks\2013 projects\consoleapplication1\squareroot\debug\addtwolinkedlists.obj
c:\personal\onenote notebooks\2013 projects\consoleapplication1\squareroot\debug\binarytree.obj
c:\personal\onenote notebooks\2013 projects\consoleapplication1\squareroot\debug\flattenbsttodll.obj
c:\personal\onenote notebooks\2013 projects\consoleapplication1\squareroot\debug\permutation.obj
c:\personal\onenote notebooks\2013 projects\consoleapplication1\squareroot\debug\reverselinkedlist.obj
c:\personal\onenote notebooks\2013 projects\consoleapplication1\squareroot\debug\singlylinkedlist.obj
c:\personal\onenote notebooks\2013 projects\consoleapplication1\squareroot\debug\squareroot.obj
c:\personal\onenote notebooks\2013 projects\consoleapplication1\squareroot\debug\subsequence.obj
c:\personal\onenote notebooks\2013 projects\consoleapplication1\squareroot\debug\dllmain.obj
c:\personal\onenote notebooks\2013 projects\consoleapplication1\debug\squareroot.ilk
c:\personal\onenote notebooks\2013 projects\consoleapplication1\debug\squareroot.dll
c:\personal\onenote notebooks\2013 projects\consoleapplication1\debug\squareroot.pdb
c:\personal\onenote notebooks\2013 projects\consoleapplication1\debug\squareroot.lib
c:\personal\onenote notebooks\2013 projects\consoleapplication1\debug\squareroot.exp
c:\personal\onenote notebooks\2013 projects\consoleapplication1\squareroot\debug\squareroot.tlog\cl.command.1.tlog
c:\personal\onenote notebooks\2013 projects\consoleapplication1\squareroot\debug\squareroot.tlog\cl.read.1.tlog
c:\personal\onenote notebooks\2013 projects\consoleapplication1\squareroot\debug\squareroot.tlog\cl.write.1.tlog
c:\personal\onenote notebooks\2013 projects\consoleapplication1\squareroot\debug\squareroot.tlog\link.command.1.tlog
c:\personal\onenote notebooks\2013 projects\consoleapplication1\squareroot\debug\squareroot.tlog\link.read.1.tlog
c:\personal\onenote notebooks\2013 projects\consoleapplication1\squareroot\debug\squareroot.tlog\link.write.1.tlog
c:\personal\onenote notebooks\2013 projects\consoleapplication1\squareroot\debug\squareroot.tlog\squareroot.write.1u.tlog
